Using pre-set license
Built from '2020.3/staging' branch; Version is '2020.3.25f1 (9b9180224418) revision 10195328'; Using compiler version '192528614'; Build Type 'Release'
OS: 'Windows 10  (10.0.19044) 64bit Professional' Language: 'ru' Physical Memory: 12270 MB
BatchMode: 1, IsHumanControllingUs: 0, StartBugReporterOnCrash: 0, Is64bit: 1, IsPro: 0

COMMAND LINE ARGUMENTS:
D:\Unity2(current)\2020.3.25f1\Editor\Unity.exe
-adb2
-batchMode
-noUpm
-name
AssetImportWorker0
-projectPath
D:/Unity/ProcedGen
-logFile
Logs/AssetImportWorker0.log
-srvPort
53158
Successfully changed project path to: D:/Unity/ProcedGen
D:/Unity/ProcedGen
Using Asset Import Pipeline V2.
Refreshing native plugins compatible for Editor in 110.73 ms, found 3 plugins.
Preloading 0 native plugins for Editor in 0.00 ms.
Initialize engine version: 2020.3.25f1 (9b9180224418)
[Subsystems] Discovering subsystems at path D:/Unity2(current)/2020.3.25f1/Editor/Data/Resources/UnitySubsystems
[Subsystems] Discovering subsystems at path D:/Unity/ProcedGen/Assets
GfxDevice: creating device client; threaded=0
Direct3D:
    Version:  Direct3D 11.0 [level 11.0]
    Renderer: NVIDIA GeForce GT 440 (ID=0xde0)
    Vendor:   
    VRAM:     979 MB
    Driver:   23.21.13.8813
Initialize mono
Mono path[0] = 'D:/Unity2(current)/2020.3.25f1/Editor/Data/Managed'
Mono path[1] = 'D:/Unity2(current)/2020.3.25f1/Editor/Data/MonoBleedingEdge/lib/mono/unityjit'
Mono config path = 'D:/Unity2(current)/2020.3.25f1/Editor/Data/MonoBleedingEdge/etc'
Using monoOptions --debugger-agent=transport=dt_socket,embedding=1,server=y,suspend=n,address=127.0.0.1:56004
Begin MonoManager ReloadAssembly
Registering precompiled unity dll's ...
Register platform support module: D:/Unity2(current)/2020.3.25f1/Editor/Data/PlaybackEngines/WindowsStandaloneSupport/UnityEditor.WindowsStandalone.Extensions.dll
Registered in 0.002782 seconds.
Native extension for WindowsStandalone target not found
Refreshing native plugins compatible for Editor in 108.42 ms, found 3 plugins.
Preloading 0 native plugins for Editor in 0.00 ms.
Mono: successfully reloaded assembly
- Completed reload, in  1.397 seconds
Domain Reload Profiling:
	ReloadAssembly (1397ms)
		BeginReloadAssembly (119ms)
			ExecutionOrderSort (0ms)
			DisableScriptedObjects (0ms)
			BackupInstance (0ms)
			ReleaseScriptingObjects (0ms)
			CreateAndSetChildDomain (2ms)
		EndReloadAssembly (1104ms)
			LoadAssemblies (116ms)
			RebuildTransferFunctionScriptingTraits (0ms)
			SetupTypeCache (399ms)
			ReleaseScriptCaches (0ms)
			RebuildScriptCaches (75ms)
			SetupLoadedEditorAssemblies (404ms)
				LogAssemblyErrors (0ms)
				InitializePlatformSupportModulesInManaged (9ms)
				SetLoadedEditorAssemblies (0ms)
				RefreshPlugins (109ms)
				BeforeProcessingInitializeOnLoad (37ms)
				ProcessInitializeOnLoadAttributes (185ms)
				ProcessInitializeOnLoadMethodAttributes (65ms)
				AfterProcessingInitializeOnLoad (0ms)
				EditorAssembliesLoaded (0ms)
			ExecutionOrderSort2 (0ms)
			AwakeInstancesAfterBackupRestoration (0ms)
Platform modules already initialized, skipping
Registering precompiled user dll's ...
Registered in 0.008331 seconds.
Begin MonoManager ReloadAssembly
Native extension for WindowsStandalone target not found
Refreshing native plugins compatible for Editor in 108.67 ms, found 3 plugins.
Preloading 0 native plugins for Editor in 0.00 ms.
Mono: successfully reloaded assembly
- Completed reload, in  2.710 seconds
Domain Reload Profiling:
	ReloadAssembly (2712ms)
		BeginReloadAssembly (352ms)
			ExecutionOrderSort (0ms)
			DisableScriptedObjects (12ms)
			BackupInstance (0ms)
			ReleaseScriptingObjects (0ms)
			CreateAndSetChildDomain (40ms)
		EndReloadAssembly (2205ms)
			LoadAssemblies (213ms)
			RebuildTransferFunctionScriptingTraits (0ms)
			SetupTypeCache (807ms)
			ReleaseScriptCaches (1ms)
			RebuildScriptCaches (122ms)
			SetupLoadedEditorAssemblies (783ms)
				LogAssemblyErrors (0ms)
				InitializePlatformSupportModulesInManaged (7ms)
				SetLoadedEditorAssemblies (0ms)
				RefreshPlugins (109ms)
				BeforeProcessingInitializeOnLoad (177ms)
				ProcessInitializeOnLoadAttributes (446ms)
				ProcessInitializeOnLoadMethodAttributes (37ms)
				AfterProcessingInitializeOnLoad (7ms)
				EditorAssembliesLoaded (0ms)
			ExecutionOrderSort2 (0ms)
			AwakeInstancesAfterBackupRestoration (15ms)
Platform modules already initialized, skipping
========================================================================
Worker process is ready to serve import requests
Launched and connected shader compiler UnityShaderCompiler.exe after 0.12 seconds
Refreshing native plugins compatible for Editor in 1.06 ms, found 3 plugins.
Preloading 0 native plugins for Editor in 0.00 ms.
Unloading 2194 Unused Serialized files (Serialized files now loaded: 0)
System memory in use before: 95.8 MB.
System memory in use after: 95.9 MB.

Unloading 28 unused Assets to reduce memory usage. Loaded Objects now: 2627.
Total: 5.896900 ms (FindLiveObjects: 0.466700 ms CreateObjectMapping: 0.160700 ms MarkObjects: 5.157000 ms  DeleteObjects: 0.111000 ms)

AssetImportParameters requested are different than current active one (requested -> active):
  custom:framework-win-MediaFoundation: 216162199b28c13a410421893ffa2e32 -> 
  custom:video-decoder-ogg-theora: a1e56fd34408186e4bbccfd4996cb3dc -> 
  custom:container-muxer-webm: aa71ff27fc2769a1b78a27578f13a17b -> 
  custom:container-demuxer-webm: 4f35f7cbe854078d1ac9338744f61a02 -> 
  custom:container-demuxer-ogg: 62fdf1f143b41e24485cea50d1cbac27 -> 
  custom:video-encoder-webm-vp8: eb34c28f22e8b96e1ab97ce403110664 -> 
  custom:video-decoder-webm-vp8: 9c59270c3fd7afecdb556c50c9e8de78 -> 
  custom:audio-decoder-ogg-vorbis: bf7c407c2cedff20999df2af8eb42d56 -> 
  custom:audio-encoder-webm-vorbis: bf7c407c2cedff20999df2af8eb42d56 -> 
========================================================================
Received Import Request.
  path: Assets
  artifactKey: Guid(00000000000000001000000000000000) Importer(815301076,1909f56bfc062723c751e8b465ee728b)
Start importing Assets using Guid(00000000000000001000000000000000) Importer(815301076,1909f56bfc062723c751e8b465ee728b)  -> (artifact id: '42d402b061de3733987d63b9cc3b64de') in 0.029556 seconds 
  Import took 0.035304 seconds .

========================================================================
Received Import Request.
  Time since last request: 5.621687 seconds.
  path: Assets/Prefabs
  artifactKey: Guid(38fcda86bfe437449b8eb50ae307dd1a) Importer(815301076,1909f56bfc062723c751e8b465ee728b)
Start importing Assets/Prefabs using Guid(38fcda86bfe437449b8eb50ae307dd1a) Importer(815301076,1909f56bfc062723c751e8b465ee728b)  -> (artifact id: '612f86108b12a3db46bd7f78b3a65897') in 0.014581 seconds 
  Import took 0.020896 seconds .

========================================================================
Received Import Request.
  Time since last request: 9.438568 seconds.
  path: Assets/Scripts
  artifactKey: Guid(cad761a323966ac4b9bf7d3cd478333f) Importer(815301076,1909f56bfc062723c751e8b465ee728b)
Start importing Assets/Scripts using Guid(cad761a323966ac4b9bf7d3cd478333f) Importer(815301076,1909f56bfc062723c751e8b465ee728b)  -> (artifact id: 'a216fd626405ed138945a6bae01aeddb') in 0.012931 seconds 
  Import took 0.019175 seconds .

========================================================================
Received Import Request.
  Time since last request: 10.138039 seconds.
  path: Assets/Resources
  artifactKey: Guid(7a4e9d3924edf1e4cb0af0506669775b) Importer(815301076,1909f56bfc062723c751e8b465ee728b)
Start importing Assets/Resources using Guid(7a4e9d3924edf1e4cb0af0506669775b) Importer(815301076,1909f56bfc062723c751e8b465ee728b)  -> (artifact id: '49c874ab0fb3c6eb4eb3984490e73605') in 0.009918 seconds 
  Import took 0.015826 seconds .

========================================================================
Received Import Request.
  Time since last request: 163.374844 seconds.
  path: Assets/Prefabs/ChunkPart (1).prefab
  artifactKey: Guid(cd15bb70b8684584da7188c7934dd595) Importer(815301076,1909f56bfc062723c751e8b465ee728b)
Start importing Assets/Prefabs/ChunkPart (1).prefab using Guid(cd15bb70b8684584da7188c7934dd595) Importer(815301076,1909f56bfc062723c751e8b465ee728b)  -> (artifact id: '590aad51da220211df00cbbc22cbe2cc') in 0.295730 seconds 
  Import took 0.302219 seconds .

========================================================================
Received Import Request.
  Time since last request: 1.332963 seconds.
  path: Assets/Prefabs/Chunk (1).prefab
  artifactKey: Guid(fc12a737d82ea8841ba5032089c07571) Importer(815301076,1909f56bfc062723c751e8b465ee728b)
Start importing Assets/Prefabs/Chunk (1).prefab using Guid(fc12a737d82ea8841ba5032089c07571) Importer(815301076,1909f56bfc062723c751e8b465ee728b)  -> (artifact id: '756be698556d571818174376a138abf0') in 0.022068 seconds 
  Import took 0.028141 seconds .

========================================================================
Received Import Request.
  Time since last request: 165.402451 seconds.
  path: Assets/Prefabs/Chunk (1).prefab
  artifactKey: Guid(fc12a737d82ea8841ba5032089c07571) Importer(815301076,1909f56bfc062723c751e8b465ee728b)
Start importing Assets/Prefabs/Chunk (1).prefab using Guid(fc12a737d82ea8841ba5032089c07571) Importer(815301076,1909f56bfc062723c751e8b465ee728b)  -> (artifact id: 'ad6f840ef6e09836027141e0444005e6') in 0.045604 seconds 
  Import took 0.052239 seconds .

========================================================================
Received Import Request.
  Time since last request: 154.554617 seconds.
  path: Assets/Prefabs/Chunk (1).prefab
  artifactKey: Guid(fc12a737d82ea8841ba5032089c07571) Importer(815301076,1909f56bfc062723c751e8b465ee728b)
Start importing Assets/Prefabs/Chunk (1).prefab using Guid(fc12a737d82ea8841ba5032089c07571) Importer(815301076,1909f56bfc062723c751e8b465ee728b)  -> (artifact id: 'ec084f866a4cf8c88d2a5c9fd1aeeb64') in 0.020444 seconds 
  Import took 0.027713 seconds .

========================================================================
Received Import Request.
  Time since last request: 115.498967 seconds.
  path: Assets/Prefabs/Chunk (1).prefab
  artifactKey: Guid(fc12a737d82ea8841ba5032089c07571) Importer(815301076,1909f56bfc062723c751e8b465ee728b)
Start importing Assets/Prefabs/Chunk (1).prefab using Guid(fc12a737d82ea8841ba5032089c07571) Importer(815301076,1909f56bfc062723c751e8b465ee728b)  -> (artifact id: '46d0bb194860486474e9d1e2cb5f5543') in 0.023560 seconds 
  Import took 0.030857 seconds .

========================================================================
Received Import Request.
  Time since last request: 196.701688 seconds.
  path: Assets/Prefabs/Chunk (3).prefab
  artifactKey: Guid(f06e0f821135ec64dbf88da13ee766cb) Importer(815301076,1909f56bfc062723c751e8b465ee728b)
Start importing Assets/Prefabs/Chunk (3).prefab using Guid(f06e0f821135ec64dbf88da13ee766cb) Importer(815301076,1909f56bfc062723c751e8b465ee728b)  -> (artifact id: '09f548324c976dd11449a9f058387760') in 0.022745 seconds 
  Import took 0.029575 seconds .

========================================================================
Received Import Request.
  Time since last request: 85.091506 seconds.
  path: Assets/Prefabs/Chunk (2).prefab
  artifactKey: Guid(3d051895fe4274e4c8221797d9368b76) Importer(815301076,1909f56bfc062723c751e8b465ee728b)
Start importing Assets/Prefabs/Chunk (2).prefab using Guid(3d051895fe4274e4c8221797d9368b76) Importer(815301076,1909f56bfc062723c751e8b465ee728b)  -> (artifact id: '037827e96e988aaa4431038d2f70f718') in 0.021978 seconds 
  Import took 0.029556 seconds .

========================================================================
Received Import Request.
  Time since last request: 125.992688 seconds.
  path: Assets/Prefabs/Chunk (1).prefab
  artifactKey: Guid(fc12a737d82ea8841ba5032089c07571) Importer(815301076,1909f56bfc062723c751e8b465ee728b)
Start importing Assets/Prefabs/Chunk (1).prefab using Guid(fc12a737d82ea8841ba5032089c07571) Importer(815301076,1909f56bfc062723c751e8b465ee728b)  -> (artifact id: '432c0b79abfcb58c1419866247e4614f') in 0.020873 seconds 
  Import took 0.028399 seconds .

========================================================================
Received Import Request.
  Time since last request: 1.712826 seconds.
  path: Assets/Prefabs/Chunk (2).prefab
  artifactKey: Guid(3d051895fe4274e4c8221797d9368b76) Importer(815301076,1909f56bfc062723c751e8b465ee728b)
Start importing Assets/Prefabs/Chunk (2).prefab using Guid(3d051895fe4274e4c8221797d9368b76) Importer(815301076,1909f56bfc062723c751e8b465ee728b)  -> (artifact id: 'f3220026a67a4faeff8521fba48d98c9') in 0.019371 seconds 
  Import took 0.026018 seconds .

========================================================================
Received Import Request.
  Time since last request: 1.430039 seconds.
  path: Assets/Prefabs/Chunk (3).prefab
  artifactKey: Guid(f06e0f821135ec64dbf88da13ee766cb) Importer(815301076,1909f56bfc062723c751e8b465ee728b)
Start importing Assets/Prefabs/Chunk (3).prefab using Guid(f06e0f821135ec64dbf88da13ee766cb) Importer(815301076,1909f56bfc062723c751e8b465ee728b)  -> (artifact id: 'e9c5510891b62e9ccba495ed9def2e12') in 0.022435 seconds 
  Import took 0.028981 seconds .

========================================================================
Received Import Request.
  Time since last request: 80.769273 seconds.
  path: Assets/Prefabs/StartChunk.prefab
  artifactKey: Guid(a245453d5f0686c4a92871d4a2d41c47) Importer(815301076,1909f56bfc062723c751e8b465ee728b)
Start importing Assets/Prefabs/StartChunk.prefab using Guid(a245453d5f0686c4a92871d4a2d41c47) Importer(815301076,1909f56bfc062723c751e8b465ee728b)  -> (artifact id: '2e80a4cc0cbc83e6c5c18addad3a673b') in 0.022711 seconds 
  Import took 0.030282 seconds .

========================================================================
Received Import Request.
  Time since last request: 80.943662 seconds.
  path: Assets/Prefabs/StartChunk.prefab
  artifactKey: Guid(a245453d5f0686c4a92871d4a2d41c47) Importer(815301076,1909f56bfc062723c751e8b465ee728b)
Start importing Assets/Prefabs/StartChunk.prefab using Guid(a245453d5f0686c4a92871d4a2d41c47) Importer(815301076,1909f56bfc062723c751e8b465ee728b)  -> (artifact id: '57fb0f27cbb6f14212f05c32c4112e48') in 0.019307 seconds 
  Import took 0.026392 seconds .

========================================================================
Received Import Request.
  Time since last request: 116.014792 seconds.
  path: Assets/Prefabs/Player.prefab
  artifactKey: Guid(61f6983356feeff4790b25c051e7e5c2) Importer(815301076,1909f56bfc062723c751e8b465ee728b)
Start importing Assets/Prefabs/Player.prefab using Guid(61f6983356feeff4790b25c051e7e5c2) Importer(815301076,1909f56bfc062723c751e8b465ee728b)  -> (artifact id: '63190d60e38e8860e77f62ec076a0195') in 0.043521 seconds 
  Import took 0.050461 seconds .

========================================================================
Received Import Request.
  Time since last request: 17.940304 seconds.
  path: Assets/Scripts/PlayerController.cs
  artifactKey: Guid(3daedff583e6a5146a59f92d01003a0c) Importer(815301076,1909f56bfc062723c751e8b465ee728b)
Start importing Assets/Scripts/PlayerController.cs using Guid(3daedff583e6a5146a59f92d01003a0c) Importer(815301076,1909f56bfc062723c751e8b465ee728b)  -> (artifact id: '496aee1ed063cd3dc110393d045e69f0') in 0.046515 seconds 
  Import took 0.052376 seconds .

========================================================================
Received Prepare
Registering precompiled user dll's ...
Registered in 0.008022 seconds.
Begin MonoManager ReloadAssembly
Native extension for WindowsStandalone target not found
Refreshing native plugins compatible for Editor in 1.01 ms, found 3 plugins.
Preloading 0 native plugins for Editor in 0.00 ms.
Mono: successfully reloaded assembly
- Completed reload, in  2.437 seconds
Domain Reload Profiling:
	ReloadAssembly (2438ms)
		BeginReloadAssembly (260ms)
			ExecutionOrderSort (0ms)
			DisableScriptedObjects (15ms)
			BackupInstance (0ms)
			ReleaseScriptingObjects (0ms)
			CreateAndSetChildDomain (81ms)
		EndReloadAssembly (2011ms)
			LoadAssemblies (212ms)
			RebuildTransferFunctionScriptingTraits (0ms)
			SetupTypeCache (776ms)
			ReleaseScriptCaches (2ms)
			RebuildScriptCaches (110ms)
			SetupLoadedEditorAssemblies (665ms)
				LogAssemblyErrors (0ms)
				InitializePlatformSupportModulesInManaged (9ms)
				SetLoadedEditorAssemblies (1ms)
				RefreshPlugins (1ms)
				BeforeProcessingInitializeOnLoad (176ms)
				ProcessInitializeOnLoadAttributes (444ms)
				ProcessInitializeOnLoadMethodAttributes (25ms)
				AfterProcessingInitializeOnLoad (8ms)
				EditorAssembliesLoaded (0ms)
			ExecutionOrderSort2 (0ms)
			AwakeInstancesAfterBackupRestoration (21ms)
Platform modules already initialized, skipping
Refreshing native plugins compatible for Editor in 1.06 ms, found 3 plugins.
Preloading 0 native plugins for Editor in 0.00 ms.
Unloading 2184 Unused Serialized files (Serialized files now loaded: 0)
System memory in use before: 98.3 MB.
System memory in use after: 98.4 MB.

Unloading 18 unused Assets to reduce memory usage. Loaded Objects now: 2639.
Total: 5.870500 ms (FindLiveObjects: 0.356500 ms CreateObjectMapping: 0.158300 ms MarkObjects: 5.312800 ms  DeleteObjects: 0.040500 ms)

AssetImportParameters requested are different than current active one (requested -> active):
  custom:framework-win-MediaFoundation: 216162199b28c13a410421893ffa2e32 -> 
  custom:video-decoder-ogg-theora: a1e56fd34408186e4bbccfd4996cb3dc -> 
  custom:container-muxer-webm: aa71ff27fc2769a1b78a27578f13a17b -> 
  custom:container-demuxer-webm: 4f35f7cbe854078d1ac9338744f61a02 -> 
  custom:container-demuxer-ogg: 62fdf1f143b41e24485cea50d1cbac27 -> 
  custom:video-encoder-webm-vp8: eb34c28f22e8b96e1ab97ce403110664 -> 
  custom:video-decoder-webm-vp8: 9c59270c3fd7afecdb556c50c9e8de78 -> 
  custom:audio-decoder-ogg-vorbis: bf7c407c2cedff20999df2af8eb42d56 -> 
  custom:audio-encoder-webm-vorbis: bf7c407c2cedff20999df2af8eb42d56 -> 
========================================================================
Received Import Request.
  Time since last request: 8741.854951 seconds.
  path: Assets/Scripts/PlayerController.cs
  artifactKey: Guid(3daedff583e6a5146a59f92d01003a0c) Importer(815301076,1909f56bfc062723c751e8b465ee728b)
Start importing Assets/Scripts/PlayerController.cs using Guid(3daedff583e6a5146a59f92d01003a0c) Importer(815301076,1909f56bfc062723c751e8b465ee728b)  -> (artifact id: 'be036fd92fa6fe3339ea0924ff933a4c') in 0.238077 seconds 
  Import took 0.368824 seconds .

========================================================================
Received Prepare
Registering precompiled user dll's ...
Registered in 0.601502 seconds.
Begin MonoManager ReloadAssembly
Native extension for WindowsStandalone target not found
Refreshing native plugins compatible for Editor in 1.04 ms, found 3 plugins.
Preloading 0 native plugins for Editor in 0.00 ms.
Mono: successfully reloaded assembly
- Completed reload, in  2.762 seconds
Domain Reload Profiling:
	ReloadAssembly (2768ms)
		BeginReloadAssembly (391ms)
			ExecutionOrderSort (0ms)
			DisableScriptedObjects (40ms)
			BackupInstance (0ms)
			ReleaseScriptingObjects (0ms)
			CreateAndSetChildDomain (179ms)
		EndReloadAssembly (2208ms)
			LoadAssemblies (237ms)
			RebuildTransferFunctionScriptingTraits (0ms)
			SetupTypeCache (865ms)
			ReleaseScriptCaches (2ms)
			RebuildScriptCaches (117ms)
			SetupLoadedEditorAssemblies (717ms)
				LogAssemblyErrors (0ms)
				InitializePlatformSupportModulesInManaged (11ms)
				SetLoadedEditorAssemblies (1ms)
				RefreshPlugins (1ms)
				BeforeProcessingInitializeOnLoad (191ms)
				ProcessInitializeOnLoadAttributes (477ms)
				ProcessInitializeOnLoadMethodAttributes (28ms)
				AfterProcessingInitializeOnLoad (7ms)
				EditorAssembliesLoaded (0ms)
			ExecutionOrderSort2 (0ms)
			AwakeInstancesAfterBackupRestoration (22ms)
Platform modules already initialized, skipping
Refreshing native plugins compatible for Editor in 1.00 ms, found 3 plugins.
Preloading 0 native plugins for Editor in 0.00 ms.
Unloading 2184 Unused Serialized files (Serialized files now loaded: 0)
System memory in use before: 98.3 MB.
System memory in use after: 98.4 MB.

Unloading 17 unused Assets to reduce memory usage. Loaded Objects now: 2641.
Total: 6.318400 ms (FindLiveObjects: 0.369200 ms CreateObjectMapping: 0.169600 ms MarkObjects: 5.586300 ms  DeleteObjects: 0.191000 ms)

AssetImportParameters requested are different than current active one (requested -> active):
  custom:framework-win-MediaFoundation: 216162199b28c13a410421893ffa2e32 -> 
  custom:video-decoder-ogg-theora: a1e56fd34408186e4bbccfd4996cb3dc -> 
  custom:container-muxer-webm: aa71ff27fc2769a1b78a27578f13a17b -> 
  custom:container-demuxer-webm: 4f35f7cbe854078d1ac9338744f61a02 -> 
  custom:container-demuxer-ogg: 62fdf1f143b41e24485cea50d1cbac27 -> 
  custom:video-encoder-webm-vp8: eb34c28f22e8b96e1ab97ce403110664 -> 
  custom:video-decoder-webm-vp8: 9c59270c3fd7afecdb556c50c9e8de78 -> 
  custom:audio-decoder-ogg-vorbis: bf7c407c2cedff20999df2af8eb42d56 -> 
  custom:audio-encoder-webm-vorbis: bf7c407c2cedff20999df2af8eb42d56 -> 
AssetImportWorkerClient::OnTransportError - code=2 error=End of file
